07/31/2018 04:14:42 PM user1 login successful
07/31/2018 04:14:54 PM get file 1.jpg successful
07/31/2018 04:17:34 PM user1 login successful
07/31/2018 04:18:41 PM put file aaa successful
07/31/2018 04:29:01 PM user1 login successful
07/31/2018 04:34:16 PM user1 login successful
07/31/2018 04:34:56 PM user1 login successful
07/31/2018 04:38:04 PM user1 login successful
07/31/2018 04:39:39 PM user1 login successful
07/31/2018 04:40:20 PM user1 login successful
07/31/2018 04:41:10 PM user1 login successful
07/31/2018 04:44:30 PM user1 login successful
07/31/2018 04:45:45 PM user1 login successful
07/31/2018 04:48:30 PM user1 login successful
07/31/2018 04:50:43 PM user1 login successful
07/31/2018 05:19:45 PM user1 login successful
07/31/2018 05:22:37 PM user1 login successful
07/31/2018 05:25:46 PM user1 login successful
07/31/2018 05:27:52 PM user1 login successful
07/31/2018 05:33:24 PM user1 login successful
07/31/2018 05:34:38 PM user1 login successful
07/31/2018 05:35:38 PM user1 login successful
07/31/2018 05:39:32 PM user1 login successful
07/31/2018 05:40:44 PM get file abc successful
07/31/2018 05:45:56 PM user1 login successful
07/31/2018 05:48:46 PM user1 login successful
07/31/2018 05:49:22 PM user1 login successful
07/31/2018 05:50:22 PM put file aaa successful
07/31/2018 05:50:50 PM get file xyz successful
07/31/2018 05:51:33 PM user login successful
07/31/2018 05:53:46 PM user1 login successful
07/31/2018 05:54:06 PM get file xyz successful
07/31/2018 05:54:11 PM get file aaa successful
07/31/2018 05:57:37 PM user1 login successful
07/31/2018 05:58:05 PM user1 login successful
07/31/2018 05:58:43 PM user1 login successful
07/31/2018 06:34:51 PM user1 login successful
