07/31/2018 04:14:42 PM user1 login successful
07/31/2018 04:14:54 PM get file 1.jpg successful
07/31/2018 04:17:34 PM user1 login successful
07/31/2018 04:18:41 PM put file aaa successful
07/31/2018 04:29:01 PM user1 login successful
07/31/2018 04:34:16 PM user1 login successful
07/31/2018 04:34:56 PM user1 login successful
07/31/2018 04:38:04 PM user1 login successful
07/31/2018 04:39:39 PM user1 login successful
07/31/2018 04:40:20 PM user1 login successful
07/31/2018 04:41:10 PM user1 login successful
07/31/2018 04:44:30 PM user1 login successful
07/31/2018 04:45:45 PM user1 login successful
07/31/2018 04:48:30 PM user1 login successful
07/31/2018 04:50:43 PM user1 login successful
07/31/2018 05:19:45 PM user1 login successful
07/31/2018 05:22:37 PM user1 login successful
07/31/2018 05:25:46 PM user1 login successful
07/31/2018 05:27:52 PM user1 login successful
07/31/2018 05:33:24 PM user1 login successful
07/31/2018 05:34:38 PM user1 login successful
07/31/2018 05:35:38 PM user1 login successful
07/31/2018 05:39:32 PM user1 login successful
07/31/2018 05:40:44 PM get file abc successful
07/31/2018 05:45:56 PM user1 login successful
07/31/2018 05:48:46 PM user1 login successful
07/31/2018 05:49:22 PM user1 login successful
07/31/2018 05:50:22 PM put file aaa successful
07/31/2018 05:50:50 PM get file xyz successful
07/31/2018 05:51:33 PM user login successful
07/31/2018 05:53:46 PM user1 login successful
07/31/2018 05:54:06 PM get file xyz successful
07/31/2018 05:54:11 PM get file aaa successful
07/31/2018 05:57:37 PM user1 login successful
07/31/2018 05:58:05 PM user1 login successful
07/31/2018 05:58:43 PM user1 login successful
07/31/2018 06:34:51 PM user1 login successful
07/31/2018 06:36:08 PM user1 login successful
07/31/2018 06:36:26 PM get file abc successful
07/31/2018 06:36:31 PM put file aaa successful
07/31/2018 06:47:43 PM user1 login successful
07/31/2018 06:58:05 PM user1 login successful
07/31/2018 06:58:15 PM user1 login successful
08/02/2018 05:28:39 PM user1 login successful
08/02/2018 05:29:53 PM user1 login successful
08/02/2018 05:32:48 PM get file aaa successful
08/02/2018 05:35:31 PM user1 login successful
08/02/2018 05:37:34 PM user1 login successful
08/02/2018 05:37:59 PM user1 login successful
08/02/2018 05:38:09 PM user2 login successful
08/02/2018 05:38:28 PM get file abc successful
08/02/2018 05:38:42 PM put file abc successful
08/02/2018 05:39:34 PM user1 login successful
08/02/2018 05:39:42 PM user2 login successful
08/06/2018 11:21:15 AM user1 login successful
08/06/2018 11:25:01 AM user1 login successful
08/06/2018 11:25:28 AM user1 login successful
08/06/2018 11:25:35 AM user1 login successful
08/06/2018 11:25:47 AM user1 login successful
08/06/2018 11:26:20 AM user1 login successful
08/06/2018 11:26:34 AM user1 login successful
08/06/2018 11:26:48 AM user1 login successful
08/06/2018 11:28:38 AM user1 login successful
08/06/2018 11:34:56 AM user1 login successful
08/06/2018 11:35:31 AM user1 login successful
08/06/2018 11:35:50 AM user1 login successful
08/06/2018 11:36:02 AM user1 login successful
08/06/2018 11:36:11 AM user1 login successful
08/06/2018 11:36:26 AM user1 login successful
08/06/2018 11:38:47 AM user1 login successful
08/06/2018 11:51:22 AM user1 login successful
08/06/2018 11:52:57 AM user1 login successful
08/06/2018 11:55:40 AM user1 login successful
08/06/2018 12:02:54 PM user1 login successful
08/06/2018 12:03:12 PM user1 login successful
08/06/2018 12:03:28 PM user1 login successful
08/06/2018 12:03:36 PM user1 login successful
08/06/2018 12:03:56 PM user1 login successful
08/06/2018 12:06:15 PM user1 login successful
08/06/2018 12:06:42 PM user1 login successful
08/06/2018 12:07:03 PM user1 login successful
08/06/2018 12:22:13 PM user1 login successful
08/06/2018 12:22:53 PM user3 login successful
08/06/2018 12:26:50 PM user1 login successful
08/06/2018 12:27:04 PM user2 login successful
08/06/2018 12:36:26 PM user1 login successful
08/06/2018 12:36:49 PM user1 login successful
08/06/2018 12:36:58 PM user2 login successful
08/06/2018 12:40:16 PM user1 login successful
08/06/2018 12:42:18 PM user1 login successful
08/06/2018 12:42:59 PM user1 login successful
08/06/2018 12:44:15 PM user1 login successful
08/06/2018 12:44:24 PM user1 login successful
08/06/2018 12:44:38 PM user1 login successful
08/06/2018 12:59:50 PM user1 login successful
08/06/2018 01:00:03 PM user1 login successful
08/06/2018 01:00:26 PM user1 login successful
08/06/2018 01:05:22 PM user1 login successful
08/06/2018 01:05:48 PM user1 login successful
08/06/2018 01:06:18 PM user1 login successful
08/06/2018 01:06:34 PM user1 login successful
08/06/2018 01:09:14 PM user1 login successful
08/06/2018 01:09:29 PM user2 login successful
08/06/2018 01:10:34 PM user1 login successful
08/06/2018 01:10:42 PM user2 login successful
08/06/2018 01:15:09 PM user1 login successful
08/06/2018 01:15:19 PM user2 login successful
08/06/2018 01:19:59 PM user1 login successful
08/06/2018 01:20:32 PM user1 login successful
08/06/2018 01:21:20 PM user1 login successful
08/06/2018 01:22:13 PM user1 login successful
08/06/2018 01:22:20 PM user2 login successful
08/06/2018 01:26:17 PM user1 login successful
08/06/2018 01:26:27 PM user2 login successful
08/06/2018 01:27:43 PM user3 login successful
08/06/2018 01:27:55 PM get file aaa successful
08/06/2018 01:29:29 PM user4 login successful
08/06/2018 01:30:28 PM user1 login successful
08/06/2018 01:30:38 PM user2 login successful
08/06/2018 01:54:45 PM user1 login successful
08/06/2018 01:54:56 PM user2 login successful
08/06/2018 01:57:48 PM user1 login successful
08/06/2018 02:07:49 PM user1 login successful
08/06/2018 02:07:57 PM user2 login successful
08/06/2018 02:36:08 PM user1 login successful
08/06/2018 02:37:21 PM user1 login successful
08/06/2018 02:40:41 PM user1 login successful
08/06/2018 02:42:10 PM user1 login successful
08/06/2018 02:44:33 PM user1 login successful
08/06/2018 02:47:02 PM user1 login successful
08/06/2018 02:47:19 PM get file aaa successful
08/06/2018 02:47:22 PM put file aaa successful
08/06/2018 02:48:34 PM user1 login successful
08/06/2018 02:48:41 PM user2 login successful
08/06/2018 02:49:21 PM get file abc successful
08/06/2018 02:49:24 PM put file abc successful
08/06/2018 02:50:33 PM user1 login successful
08/06/2018 02:50:41 PM user2 login successful
08/06/2018 02:50:48 PM user3 login successful
08/06/2018 02:52:05 PM user4 login successful
08/06/2018 02:56:58 PM get file abc successful
08/06/2018 03:05:02 PM user1 login successful
08/06/2018 03:05:14 PM get file aaa successful
08/06/2018 03:05:17 PM put file aaa successful
08/06/2018 03:05:38 PM user2 login successful
08/06/2018 03:05:52 PM user3 login successful
08/06/2018 03:06:05 PM user4 login successful
08/06/2018 03:10:13 PM user1 login successful
08/06/2018 03:20:33 PM user2 login successful
08/06/2018 03:20:41 PM user3 login successful
08/06/2018 03:20:49 PM user4 login successful
08/06/2018 03:20:59 PM user4 login successful
08/06/2018 03:21:22 PM user4 login successful
08/06/2018 03:23:55 PM user1 login successful
08/06/2018 03:31:51 PM user1 login successful
08/06/2018 03:32:30 PM user1 login successful
08/06/2018 03:33:46 PM user1 login successful
08/06/2018 03:33:56 PM user2 login successful
08/06/2018 03:34:14 PM user3 login successful
08/06/2018 03:34:28 PM get file abc successful
08/06/2018 03:34:31 PM put file abc successful
08/06/2018 03:34:43 PM get file bbb successful
08/06/2018 03:34:46 PM put file bbb successful
08/06/2018 03:34:56 PM put file bbb successful
08/06/2018 03:35:08 PM user4 login successful
08/06/2018 03:35:29 PM user1 login successful
08/06/2018 03:57:38 PM user1 login successful
08/06/2018 03:58:55 PM user1 login successful
08/06/2018 03:59:48 PM user1 login successful
08/06/2018 04:00:15 PM user1 login successful
08/06/2018 04:01:27 PM user1 login successful
08/06/2018 04:01:52 PM get file bbb successful
08/06/2018 04:01:55 PM put file bbb successful
08/06/2018 04:02:02 PM user2 login successful
08/06/2018 04:02:14 PM user3 login successful
08/06/2018 04:02:22 PM user4 login successful
08/06/2018 04:11:52 PM user1 login successful
08/06/2018 04:12:04 PM user2 login successful
08/06/2018 04:12:16 PM user3 login successful
08/06/2018 04:12:23 PM user4 login successful
08/06/2018 04:13:24 PM user1 login successful
08/06/2018 04:13:30 PM user2 login successful
08/06/2018 04:13:40 PM user3 login successful
08/06/2018 04:13:46 PM user4 login successful
08/06/2018 04:15:59 PM user1 login successful
08/06/2018 04:16:48 PM user1 login successful
08/06/2018 04:16:54 PM user2 login successful
08/06/2018 04:17:00 PM user3 login successful
08/06/2018 04:17:06 PM user4 login successful
08/06/2018 04:24:55 PM user1 login successful
08/06/2018 04:25:02 PM user2 login successful
08/06/2018 04:25:07 PM user3 login successful
08/06/2018 04:25:13 PM user4 login successful
08/06/2018 04:30:02 PM user1 login successful
08/06/2018 04:30:08 PM user2 login successful
08/06/2018 04:30:14 PM user3 login successful
08/06/2018 04:30:20 PM user4 login successful
08/06/2018 04:31:59 PM user1 login successful
08/06/2018 04:32:43 PM user2 login successful
08/06/2018 04:32:59 PM user3 login successful
08/06/2018 04:33:12 PM user4 login successful
08/06/2018 04:33:32 PM user3 login successful
08/06/2018 04:33:41 PM user2 login successful
08/06/2018 04:33:50 PM user1 login successful
08/06/2018 04:35:26 PM user1 login successful
08/06/2018 04:35:31 PM user2 login successful
08/06/2018 04:35:37 PM user3 login successful
08/06/2018 04:35:42 PM user4 login successful
08/06/2018 04:36:08 PM user1 login successful
08/06/2018 04:36:44 PM user1 login successful
08/06/2018 04:36:57 PM user2 login successful
08/06/2018 04:37:03 PM user3 login successful
08/06/2018 04:37:09 PM user4 login successful
08/06/2018 04:40:23 PM user1 login successful
08/06/2018 04:40:28 PM user2 login successful
08/06/2018 04:40:35 PM user3 login successful
08/06/2018 04:40:41 PM user4 login successful
08/06/2018 04:43:25 PM user1 login successful
08/06/2018 04:43:31 PM user2 login successful
08/06/2018 04:43:37 PM user3 login successful
08/06/2018 04:43:43 PM user4 login successful
